make --dry-run --always-make --keep-going --print-directory
make: Entering directory '/home/hugho/dev/n_body_simulation'
echo "==== Building Gravity (debug) ===="
make --no-print-directory -C build -f Makefile config=debug
echo Creating obj
mkdir -p obj
echo fpscounter.cpp
g++   -MMD -MP    -o "obj/fpscounter.o" -MF "obj/fpscounter.d" -c "../src/fpscounter.cpp"
echo main.cpp
g++   -MMD -MP    -o "obj/main.o" -MF "obj/main.d" -c "../src/main.cpp"
echo planet.cpp
g++   -MMD -MP    -o "obj/planet.o" -MF "obj/planet.d" -c "../src/planet.cpp"
echo planetsystem.cpp
g++   -MMD -MP    -o "obj/planetsystem.o" -MF "obj/planetsystem.d" -c "../src/planetsystem.cpp"
echo vec2f.cpp
g++   -MMD -MP    -o "obj/vec2f.o" -MF "obj/vec2f.d" -c "../src/vec2f.cpp"
echo viewcontroller.cpp
g++   -MMD -MP    -o "obj/viewcontroller.o" -MF "obj/viewcontroller.d" -c "../src/viewcontroller.cpp"
echo Creating bin/Debug
mkdir -p bin/Debug
echo Linking Gravity
g++ -o "bin/Debug/Gravity" obj/fpscounter.o obj/main.o obj/planet.o obj/planetsystem.o obj/vec2f.o obj/viewcontroller.o   -s -lsfml-graphics -lsfml-window -lsfml-system
:
make: Leaving directory '/home/hugho/dev/n_body_simulation'
 
